\BOOKMARK [1][-]{section.1}{\376\377\000室\000長}{}% 1
\BOOKMARK [2][-]{subsection.1.1}{\376\377\000夜\000間\000申\000請\000と\000休\000日\000申\000請\000を\000先\000生\000に\000提\000出}{section.1}% 2
\BOOKMARK [2][-]{subsection.1.2}{\376\377\000勉\000強\000会\000の\000日\000程\000，\000内\000容\000決\000め}{section.1}% 3
\BOOKMARK [2][-]{subsection.1.3}{\376\377\000オ\000ー\000プ\000ン\000キ\000ャ\000ン\000パ\000ス\000の\000仕\000切\000り}{section.1}% 4
\BOOKMARK [2][-]{subsection.1.4}{\376\377\0003\000年\000生\000研\000究\000室\000見\000学\000会\000の\000仕\000切\000り}{section.1}% 5
\BOOKMARK [3][-]{subsubsection.1.4.1}{\376\377\000例\000年\000の\000対\000面\000で\000の\000場\000合}{subsection.1.4}% 6
\BOOKMARK [3][-]{subsubsection.1.4.2}{\376\377\0002\0000\0002\0000\000年\000度\000の\000コ\000ロ\000ナ\000で\000の\000場\000合}{subsection.1.4}% 7
\BOOKMARK [2][-]{subsection.1.5}{\376\377\000ミ\000ー\000テ\000ィ\000ン\000グ\000の\000時\000間\000決\000め\000お\000よ\000び\000司\000会\000進\000行}{section.1}% 8
\BOOKMARK [3][-]{subsubsection.1.5.1}{\376\377\000～\0002\0000\0001\0008\000年\000度\000ま\000で\000の\000ミ\000ー\000テ\000ィ\000ン\000グ}{subsection.1.5}% 9
\BOOKMARK [3][-]{subsubsection.1.5.2}{\376\377\0002\0000\0001\0009\000年\000度\000の\000ミ\000ー\000テ\000ィ\000ン\000グ}{subsection.1.5}% 10
\BOOKMARK [3][-]{subsubsection.1.5.3}{\376\377\0002\0000\0002\0000\000年\000度\000の\000ミ\000ー\000テ\000ィ\000ン\000グ}{subsection.1.5}% 11
\BOOKMARK [3][-]{subsubsection.1.5.4}{\376\377\0002\0000\0002\0003\000年\000度\000の\000ミ\000ー\000テ\000ィ\000ン\000グ}{subsection.1.5}% 12
\BOOKMARK [2][-]{subsection.1.6}{\376\377\000発\000表\000会\000・\000報\000告\000会\000の\000出\000欠\000確\000認}{section.1}% 13
\BOOKMARK [2][-]{subsection.1.7}{\376\377\000卒\000論\000・\000修\000論\000の\000製\000本\000カ\000バ\000ー\000を\000買\000う}{section.1}% 14
\BOOKMARK [2][-]{subsection.1.8}{\376\377\0001\000年\000間\000の\000ス\000ケ\000ジ\000ュ\000ー\000ル}{section.1}% 15
\BOOKMARK [2][-]{subsection.1.9}{\376\377\000最\000後\000に}{section.1}% 16
\BOOKMARK [1][-]{section.2}{\376\377\000副\000室\000長}{}% 17
\BOOKMARK [1][-]{section.3}{\376\377\000記\000録\000係}{}% 18
\BOOKMARK [1][-]{section.4}{\376\377\000動\000画\000係}{}% 19
\BOOKMARK [2][-]{subsection.4.1}{\376\377\000主\000な\000仕\000事\000内\000容}{section.4}% 20
\BOOKMARK [2][-]{subsection.4.2}{\376\377\000動\000画\000化\000す\000る\000研\000究\000の\000選\000定}{section.4}% 21
\BOOKMARK [2][-]{subsection.4.3}{\376\377\000実\000験\000の\000協\000力\000依\000頼}{section.4}% 22
\BOOKMARK [2][-]{subsection.4.4}{\376\377\000実\000験\000動\000画\000の\000撮\000影\000と\000編\000集}{section.4}% 23
\BOOKMARK [2][-]{subsection.4.5}{\376\377\000y\000o\000u\000t\000u\000b\000e\000チ\000ャ\000ン\000ネ\000ル}{section.4}% 24
\BOOKMARK [1][-]{section.5}{\376\377\000P\000C\000係}{}% 25
\BOOKMARK [2][-]{subsection.5.1}{\376\377\000パ\000ソ\000コ\000ン\000の\000保\000守\000管\000理}{section.5}% 26
\BOOKMARK [3][-]{subsubsection.5.1.1}{\376\377\000パ\000ソ\000コ\000ン\000の\000管\000理}{subsection.5.1}% 27
\BOOKMARK [3][-]{subsubsection.5.1.2}{\376\377\000サ\000ー\000バ\000管\000理}{subsection.5.1}% 28
\BOOKMARK [2][-]{subsection.5.2}{\376\377\000覚\000え\000て\000お\000く\000知\000識}{section.5}% 29
\BOOKMARK [3][-]{subsubsection.5.2.1}{\376\377\000プ\000リ\000ン\000タ\000の\000管\000理}{subsection.5.2}% 30
\BOOKMARK [3][-]{subsubsection.5.2.2}{\376\377\000S\000u\000b\000v\000e\000r\000s\000i\000o\000n\000の\000使\000い\000方}{subsection.5.2}% 31
\BOOKMARK [3][-]{subsubsection.5.2.3}{\376\377\000研\000究\000室\000に\000お\000け\000る\000必\000要\000最\000低\000限\000の\000ソ\000フ\000ト\000ウ\000ェ\000ア}{subsection.5.2}% 32
\BOOKMARK [3][-]{subsubsection.5.2.4}{\376\377\000新\000し\000い\000研\000究\000室\000メ\000ン\000バ\000ー\000が\000配\000属\000さ\000れ\000た\000際\000の\000注\000意\000点}{subsection.5.2}% 33
\BOOKMARK [3][-]{subsubsection.5.2.5}{\376\377\000O\000S\000の\000ア\000ッ\000プ\000グ\000レ\000ー\000ド\000の\000注\000意\000点}{subsection.5.2}% 34
\BOOKMARK [3][-]{subsubsection.5.2.6}{\376\377\000停\000電\000時\000の\000対\000応}{subsection.5.2}% 35
\BOOKMARK [2][-]{subsection.5.3}{\376\377\000そ\000の\000他\000連\000絡\000事\000項}{section.5}% 36
\BOOKMARK [2][-]{subsection.5.4}{\376\377\000P\000r\000i\000m\000e\000関\000連}{section.5}% 37
\BOOKMARK [3][-]{subsubsection.5.4.1}{\376\377\0002\0000\0001\0007\000年\000度\000ま\000で}{subsection.5.4}% 38
\BOOKMARK [3][-]{subsubsection.5.4.2}{\376\377\0002\0000\0001\0008\000年\000度}{subsection.5.4}% 39
\BOOKMARK [1][-]{section.6}{\376\377\000発\000表\000会\000係}{}% 40
\BOOKMARK [2][-]{subsection.6.1}{\376\377\000発\000表\000（\000報\000告\000）\000会\000日\000程\000の\000調\000整\000及\000び\000告\000知}{section.6}% 41
\BOOKMARK [2][-]{subsection.6.2}{\376\377\000発\000表\000（\000報\000告\000）\000会\000プ\000ロ\000グ\000ラ\000ム\000の\000作\000成}{section.6}% 42
\BOOKMARK [2][-]{subsection.6.3}{\376\377\000発\000表\000（\000報\000告\000）\000会\000の\000運\000営\000・\000進\000行}{section.6}% 43
\BOOKMARK [2][-]{subsection.6.4}{\376\377\000発\000表\000時\000間}{section.6}% 44
\BOOKMARK [2][-]{subsection.6.5}{\376\377\000学\000会\000発\000表\000練\000習\000の\000司\000会}{section.6}% 45
\BOOKMARK [2][-]{subsection.6.6}{\376\377\000P\000C\000発\000表\000練\000習\000の\000運\000営\000に\000つ\000い\000て}{section.6}% 46
\BOOKMARK [2][-]{subsection.6.7}{\376\377\000道\000具\000の\000管\000理}{section.6}% 47
\BOOKMARK [2][-]{subsection.6.8}{\376\377\000他\000の\000係\000の\000人\000と\000の\000連\000携}{section.6}% 48
\BOOKMARK [2][-]{subsection.6.9}{\376\377\000A\000T\000A\000C\000S\000に\000つ\000い\000て}{section.6}% 49
\BOOKMARK [2][-]{subsection.6.10}{\376\377\000合\000同\000報\000告\000会\000・\000発\000表\000会\000に\000つ\000い\000て}{section.6}% 50
\BOOKMARK [2][-]{subsection.6.11}{\376\377\000Z\000O\000O\000M\000で\000の\000開\000催\000に\000つ\000い\000て}{section.6}% 51
\BOOKMARK [2][-]{subsection.6.12}{\376\377\000最\000後\000に}{section.6}% 52
\BOOKMARK [1][-]{section.7}{\376\377\000メ\000ッ\000セ\000ー\000ジ\000係}{}% 53
\BOOKMARK [2][-]{subsection.7.1}{\376\377\000M\000E\000S\000S\000A\000G\000E\000に\000つ\000い\000て}{section.7}% 54
\BOOKMARK [2][-]{subsection.7.2}{\376\377\000主\000な\000仕\000事\000内\000容}{section.7}% 55
\BOOKMARK [3][-]{subsubsection.7.2.1}{\376\377\000プ\000ロ\000グ\000ラ\000ム\000係}{subsection.7.2}% 56
\BOOKMARK [2][-]{subsection.7.3}{\376\377\000注\000意\000点}{section.7}% 57
\BOOKMARK [2][-]{subsection.7.4}{\376\377\000過\000去\000企\000画}{section.7}% 58
\BOOKMARK [3][-]{subsubsection.7.4.1}{\376\377\000基\000調\000講\000演}{subsection.7.4}% 59
\BOOKMARK [3][-]{subsubsection.7.4.2}{\376\377\000パ\000ネ\000ル\000デ\000ィ\000ス\000カ\000ッ\000シ\000ョ\000ン}{subsection.7.4}% 60
\BOOKMARK [3][-]{subsubsection.7.4.3}{\376\377\000ブ\000ー\000ス}{subsection.7.4}% 61
\BOOKMARK [3][-]{subsubsection.7.4.4}{\376\377\000懇\000親\000会}{subsection.7.4}% 62
\BOOKMARK [2][-]{subsection.7.5}{\376\377\0002\0000\0002\0000\000年\000度\000の\000活\000動}{section.7}% 63
\BOOKMARK [2][-]{subsection.7.6}{\376\377\0002\0000\0002\0001\000年\000度\000の\000活\000動}{section.7}% 64
\BOOKMARK [3][-]{subsubsection.7.6.1}{\376\377\000顔\000合\000わ\000せ\000～\000事\000前\000準\000備}{subsection.7.6}% 65
\BOOKMARK [3][-]{subsubsection.7.6.2}{\376\377\000当\000日\000の\000流\000れ}{subsection.7.6}% 66
\BOOKMARK [3][-]{subsubsection.7.6.3}{\376\377\000そ\000の\000他}{subsection.7.6}% 67
\BOOKMARK [1][-]{section.8}{\376\377\000イ\000ベ\000ン\000ト\000係}{}% 68
\BOOKMARK [2][-]{subsection.8.1}{\376\377\000飲\000み\000屋\000で\000行\000う\000場\000合}{section.8}% 69
\BOOKMARK [2][-]{subsection.8.2}{\376\377\000学\000校\000内\000で\000行\000う\000場\000合}{section.8}% 70
\BOOKMARK [2][-]{subsection.8.3}{\376\377\000ラ\000ウ\000ン\000ジ\000オ\000ー\000ク\000で\000行\000う\000場\000合}{section.8}% 71
\BOOKMARK [2][-]{subsection.8.4}{\376\377\000総\000研\000多\000目\000的\000室\000で\000行\000う\000場\000合}{section.8}% 72
\BOOKMARK [2][-]{subsection.8.5}{\376\377\000研\000究\000室\000メ\000ン\000バ\000ー\000の\000お\000酒\000の\000好\000み}{section.8}% 73
\BOOKMARK [2][-]{subsection.8.6}{\376\377\000そ\000の\000他}{section.8}% 74
\BOOKMARK [2][-]{subsection.8.7}{\376\377\000注\000意\000事\000項}{section.8}% 75
\BOOKMARK [2][-]{subsection.8.8}{\376\377\000リ\000モ\000ー\000ト\000で\000の\000催\000し\000を\000行\000う\000場\000合}{section.8}% 76
\BOOKMARK [3][-]{subsubsection.8.8.1}{\376\377\000毎\000月\000の\000報\000告\000会\000の\000打\000ち\000上\000げ}{subsection.8.8}% 77
\BOOKMARK [3][-]{subsubsection.8.8.2}{\376\377\000新\000入\000生\000歓\000迎\000会}{subsection.8.8}% 78
\BOOKMARK [1][-]{section.9}{\376\377\000A\000T\000A\000C\000S\000関\000係}{}% 79
\BOOKMARK [2][-]{subsection.9.1}{\376\377\0002\0000\0001\0007\000年\000度\000ま\000で}{section.9}% 80
\BOOKMARK [2][-]{subsection.9.2}{\376\377\0002\0000\0001\0008\000年\000度}{section.9}% 81
\BOOKMARK [2][-]{subsection.9.3}{\376\377\0002\0000\0001\0009\000年\000度}{section.9}% 82
\BOOKMARK [1][-]{section.10}{\376\377\000研\000究\000成\000果\000管\000理\000係}{}% 83
\BOOKMARK [1][-]{section.11}{\376\377\000美\000化\000係}{}% 84
\BOOKMARK [2][-]{subsection.11.1}{\376\377\000チ\000ェ\000ッ\000ク\000シ\000ー\000ト}{section.11}% 85
\BOOKMARK [2][-]{subsection.11.2}{\376\377\000日\000々\000の\000掃\000除}{section.11}% 86
\BOOKMARK [2][-]{subsection.11.3}{\376\377\000大\000掃\000除}{section.11}% 87
\BOOKMARK [2][-]{subsection.11.4}{\376\377\000ご\000み\000の\000分\000別}{section.11}% 88
\BOOKMARK [2][-]{subsection.11.5}{\376\377\000掃\000除\000用\000具\000の\000購\000入}{section.11}% 89
\BOOKMARK [1][-]{section.12}{\376\377\000安\000全\000管\000理\000係}{}% 90
\BOOKMARK [2][-]{subsection.12.1}{\376\377\000実\000験\000室\000保\000守}{section.12}% 91
\BOOKMARK [2][-]{subsection.12.2}{\376\377\000実\000験\000室\000使\000用\000予\000定\000管\000理}{section.12}% 92
\BOOKMARK [2][-]{subsection.12.3}{\376\377\000P\000r\000i\000m\000e\000管\000理}{section.12}% 93
\BOOKMARK [2][-]{subsection.12.4}{\376\377\000そ\000の\000他\000連\000絡\000事\000項}{section.12}% 94
\BOOKMARK [1][-]{section.13}{\376\377\000備\000品\000管\000理\000係}{}% 95
\BOOKMARK [2][-]{subsection.13.1}{\376\377\000蛍\000光\000ラ\000ン\000プ\000の\000交\000換}{section.13}% 96
\BOOKMARK [3][-]{subsubsection.13.1.1}{\376\377\000蛍\000光\000ラ\000ン\000プ\000の\000交\000換\000手\000順}{subsection.13.1}% 97
\BOOKMARK [3][-]{subsubsection.13.1.2}{\376\377\000蛍\000光\000ラ\000ン\000プ\000の\000取\000り\000外\000し\000と\000取\000り\000付\000け}{subsection.13.1}% 98
\BOOKMARK [3][-]{subsubsection.13.1.3}{\376\377\000そ\000の\000他\000の\000留\000意\000事\000項}{subsection.13.1}% 99
\BOOKMARK [2][-]{subsection.13.2}{\376\377\000備\000品\000の\000調\000達}{section.13}% 100
\BOOKMARK [3][-]{subsubsection.13.2.1}{\376\377\000経\000費\000で\000の\000購\000入\000可\000能\000品\000目}{subsection.13.2}% 101
\BOOKMARK [3][-]{subsubsection.13.2.2}{\376\377\000経\000費\000で\000の\000購\000入\000不\000可\000品\000目}{subsection.13.2}% 102
\BOOKMARK [3][-]{subsubsection.13.2.3}{\376\377\000仮\000納\000品\000書\000で\000の\000購\000入}{subsection.13.2}% 103
\BOOKMARK [3][-]{subsubsection.13.2.4}{\376\377\000立\000て\000替\000え\000払\000い}{subsection.13.2}% 104
\BOOKMARK [3][-]{subsubsection.13.2.5}{\376\377\000購\000入\000希\000望\000備\000品\000情\000報\000の\000収\000集}{subsection.13.2}% 105
\BOOKMARK [3][-]{subsubsection.13.2.6}{\376\377\000そ\000の\000他\000の\000留\000意\000事\000項}{subsection.13.2}% 106
\BOOKMARK [2][-]{subsection.13.3}{\376\377\000捨\000て\000る\000も\000の\000リ\000ス\000ト\000の\000作\000成}{section.13}% 107
\BOOKMARK [2][-]{subsection.13.4}{\376\377\000不\000要\000掲\000示\000物\000の\000撤\000去}{section.13}% 108
\BOOKMARK [3][-]{subsubsection.13.4.1}{\376\377\000備\000品\000の\000管\000理}{subsection.13.4}% 109
\BOOKMARK [2][-]{subsection.13.5}{\376\377\000席\000決\000め}{section.13}% 110
\BOOKMARK [2][-]{subsection.13.6}{\376\377\000靴\000箱}{section.13}% 111
\BOOKMARK [2][-]{subsection.13.7}{\376\377\000先\000生\000・\000学\000生\000不\000在\000時\000間\000割\000表\000の\000作\000成}{section.13}% 112
\BOOKMARK [2][-]{subsection.13.8}{\376\377\000研\000究\000室\000の\000引\000っ\000越\000し\000計\000画\000・\000環\000境\000整\000備}{section.13}% 113
\BOOKMARK [2][-]{subsection.13.9}{\376\377\000カ\000ー\000ペ\000ッ\000ト\000貼\000り\000の\000手\000順}{section.13}% 114
\BOOKMARK [2][-]{subsection.13.10}{\376\377\000世\000田\000谷\000キ\000ャ\000ン\000パ\000ス\000に\000お\000け\000る\000定\000期\000的\000な\000断\000水\000・\000停\000電\000時\000の\000対\000応}{section.13}% 115
\BOOKMARK [3][-]{subsubsection.13.10.1}{\376\377\000世\000田\000谷\0005\000階}{subsection.13.10}% 116
\BOOKMARK [3][-]{subsubsection.13.10.2}{\376\377\000世\000田\000谷\0004\000階}{subsection.13.10}% 117
\BOOKMARK [3][-]{subsubsection.13.10.3}{\376\377\000プ\000ロ\000ジ\000ェ\000ク\000タ\000ー}{subsection.13.10}% 118
\BOOKMARK [2][-]{subsection.13.11}{\376\377\000プ\000リ\000ン\000タ\000ー\000の\000管\000理}{section.13}% 119
\BOOKMARK [2][-]{subsection.13.12}{\376\377\000使\000用\000済\000み\000の\000電\000池\000の\000処\000分}{section.13}% 120
\BOOKMARK [1][-]{section.14}{\376\377\000会\000計\000係}{}% 121
\BOOKMARK [1][-]{section.15}{\376\377\000学\000部\000生\000の\000引\000継\000ぎ\000\040\000\050\000r\000e\000d\000学\000部\000生\000要\000閲\000覧\000b\000l\000a\000c\000k\000\051}{}% 122
\BOOKMARK [2][-]{subsection.15.1}{\376\377\0001\000年\000の\000流\000れ}{section.15}% 123
\BOOKMARK [2][-]{subsection.15.2}{\376\377\000発\000表\000会\000に\000つ\000い\000て}{section.15}% 124
\BOOKMARK [2][-]{subsection.15.3}{\376\377\000研\000究\000室\000紹\000介\000の\000パ\000ワ\000ー\000ポ\000イ\000ン\000ト\000に\000つ\000い\000て}{section.15}% 125
\BOOKMARK [1][-]{section.16}{\376\377\000修\000士\000生\000の\000引\000継\000ぎ\000\040\000\050\000r\000e\000d\000修\000士\000生\000及\000び\000M\0000\000要\000閲\000覧\000b\000l\000a\000c\000k\000\051}{}% 126
\BOOKMARK [2][-]{subsection.16.1}{\376\377\0001\000年\000の\000流\000れ}{section.16}% 127
\BOOKMARK [2][-]{subsection.16.2}{\376\377\000発\000表\000会\000に\000つ\000い\000て}{section.16}% 128
\BOOKMARK [2][-]{subsection.16.3}{\376\377\000学\000会\000に\000つ\000い\000て}{section.16}% 129
\BOOKMARK [3][-]{subsubsection.16.3.1}{\376\377\000論\000文\000作\000成\000の\000注\000意\000点}{subsection.16.3}% 130
\BOOKMARK [2][-]{subsection.16.4}{\376\377\000P\000r\000e\000s\000e\000n\000t\000a\000t\000i\000o\000n\000\040\000C\000o\000m\000p\000e\000t\000i\000t\000i\000o\000n\000に\000つ\000い\000て}{section.16}% 131
\BOOKMARK [2][-]{subsection.16.5}{\376\377\000A\000T\000A\000C\000S\000に\000つ\000い\000て}{section.16}% 132
\BOOKMARK [2][-]{subsection.16.6}{\376\377\000T\000A\000に\000つ\000い\000て}{section.16}% 133
\BOOKMARK [3][-]{subsubsection.16.6.1}{\376\377\000C\000プ\000ロ\000グ\000ラ\000ミ\000ン\000グ}{subsection.16.6}% 134
\BOOKMARK [3][-]{subsubsection.16.6.2}{\376\377\000機\000械\000シ\000ス\000テ\000ム\000応\000用\000実\000験}{subsection.16.6}% 135
\BOOKMARK [3][-]{subsubsection.16.6.3}{\376\377\000技\000術\000日\000本\000語\000表\000現\000技\000法}{subsection.16.6}% 136
\BOOKMARK [3][-]{subsubsection.16.6.4}{\376\377\000電\000気\000基\000礎\000実\000験}{subsection.16.6}% 137
\BOOKMARK [3][-]{subsubsection.16.6.5}{\376\377\000ロ\000ボ\000ッ\000ト\000制\000御\000プ\000ロ\000グ\000ラ\000ミ\000ン\000グ}{subsection.16.6}% 138
